<?xml version="1.0" encoding="UTF-8"?>
<testsuite xmlns:xsi="http://www.w3.org/2001/XMLSchema-instance" xsi:noNamespaceSchemaLocation="https://maven.apache.org/surefire/maven-surefire-plugin/xsd/surefire-test-report.xsd" name="com.gatcha.api.battle.service.BattleServiceTest" time="0" tests="6" errors="0" skipped="0" failures="0">
  <properties>
    <property name="java.specification.version" value="22"/>
    <property name="sun.jnu.encoding" value="UTF-8"/>
    <property name="java.class.path" value="/Users/yuzhezhu/CourIMT/gatcha_api/target/test-classes:/Users/yuzhezhu/CourIMT/gatcha_api/target/classes:/Users/yuzhezhu/.m2/repository/org/springframework/boot/spring-boot-starter-web/2.7.5/spring-boot-starter-web-2.7.5.jar:/Users/yuzhezhu/.m2/repository/org/springframework/boot/spring-boot-starter/2.7.5/spring-boot-starter-2.7.5.jar:/Users/yuzhezhu/.m2/repository/org/springframework/boot/spring-boot/2.7.5/spring-boot-2.7.5.jar:/Users/yuzhezhu/.m2/repository/org/springframework/boot/spring-boot-autoconfigure/2.7.5/spring-boot-autoconfigure-2.7.5.jar:/Users/yuzhezhu/.m2/repository/org/springframework/boot/spring-boot-starter-logging/2.7.5/spring-boot-starter-logging-2.7.5.jar:/Users/yuzhezhu/.m2/repository/ch/qos/logback/logback-classic/1.2.11/logback-classic-1.2.11.jar:/Users/yuzhezhu/.m2/repository/ch/qos/logback/logback-core/1.2.11/logback-core-1.2.11.jar:/Users/yuzhezhu/.m2/repository/org/apache/logging/log4j/log4j-to-slf4j/2.17.2/log4j-to-slf4j-2.17.2.jar:/Users/yuzhezhu/.m2/repository/org/apache/logging/log4j/log4j-api/2.17.2/log4j-api-2.17.2.jar:/Users/yuzhezhu/.m2/repository/org/slf4j/jul-to-slf4j/1.7.36/jul-to-slf4j-1.7.36.jar:/Users/yuzhezhu/.m2/repository/jakarta/annotation/jakarta.annotation-api/1.3.5/jakarta.annotation-api-1.3.5.jar:/Users/yuzhezhu/.m2/repository/org/yaml/snakeyaml/1.30/snakeyaml-1.30.jar:/Users/yuzhezhu/.m2/repository/org/springframework/boot/spring-boot-starter-json/2.7.5/spring-boot-starter-json-2.7.5.jar:/Users/yuzhezhu/.m2/repository/com/fasterxml/jackson/datatype/jackson-datatype-jdk8/2.13.4/jackson-datatype-jdk8-2.13.4.jar:/Users/yuzhezhu/.m2/repository/com/fasterxml/jackson/datatype/jackson-datatype-jsr310/2.13.4/jackson-datatype-jsr310-2.13.4.jar:/Users/yuzhezhu/.m2/repository/com/fasterxml/jackson/module/jackson-module-parameter-names/2.13.4/jackson-module-parameter-names-2.13.4.jar:/Users/yuzhezhu/.m2/repository/org/springframework/boot/spring-boot-starter-tomcat/2.7.5/spring-boot-starter-tomcat-2.7.5.jar:/Users/yuzhezhu/.m2/repository/org/apache/tomcat/embed/tomcat-embed-core/9.0.68/tomcat-embed-core-9.0.68.jar:/Users/yuzhezhu/.m2/repository/org/apache/tomcat/embed/tomcat-embed-el/9.0.68/tomcat-embed-el-9.0.68.jar:/Users/yuzhezhu/.m2/repository/org/apache/tomcat/embed/tomcat-embed-websocket/9.0.68/tomcat-embed-websocket-9.0.68.jar:/Users/yuzhezhu/.m2/repository/org/springframework/spring-web/5.3.23/spring-web-5.3.23.jar:/Users/yuzhezhu/.m2/repository/org/springframework/spring-beans/5.3.23/spring-beans-5.3.23.jar:/Users/yuzhezhu/.m2/repository/org/springframework/spring-webmvc/5.3.23/spring-webmvc-5.3.23.jar:/Users/yuzhezhu/.m2/repository/org/springframework/spring-context/5.3.23/spring-context-5.3.23.jar:/Users/yuzhezhu/.m2/repository/org/springframework/spring-expression/5.3.23/spring-expression-5.3.23.jar:/Users/yuzhezhu/.m2/repository/org/springframework/boot/spring-boot-starter-data-mongodb/2.7.5/spring-boot-starter-data-mongodb-2.7.5.jar:/Users/yuzhezhu/.m2/repository/org/mongodb/mongodb-driver-sync/4.6.1/mongodb-driver-sync-4.6.1.jar:/Users/yuzhezhu/.m2/repository/org/mongodb/bson/4.6.1/bson-4.6.1.jar:/Users/yuzhezhu/.m2/repository/org/mongodb/mongodb-driver-core/4.6.1/mongodb-driver-core-4.6.1.jar:/Users/yuzhezhu/.m2/repository/org/mongodb/bson-record-codec/4.6.1/bson-record-codec-4.6.1.jar:/Users/yuzhezhu/.m2/repository/org/springframework/data/spring-data-mongodb/3.4.5/spring-data-mongodb-3.4.5.jar:/Users/yuzhezhu/.m2/repository/org/springframework/spring-tx/5.3.23/spring-tx-5.3.23.jar:/Users/yuzhezhu/.m2/repository/org/springframework/data/spring-data-commons/2.7.5/spring-data-commons-2.7.5.jar:/Users/yuzhezhu/.m2/repository/org/slf4j/slf4j-api/1.7.36/slf4j-api-1.7.36.jar:/Users/yuzhezhu/.m2/repository/org/springframework/boot/spring-boot-starter-security/2.7.5/spring-boot-starter-security-2.7.5.jar:/Users/yuzhezhu/.m2/repository/org/springframework/spring-aop/5.3.23/spring-aop-5.3.23.jar:/Users/yuzhezhu/.m2/repository/org/springframework/security/spring-security-config/5.7.4/spring-security-config-5.7.4.jar:/Users/yuzhezhu/.m2/repository/org/springframework/security/spring-security-web/5.7.4/spring-security-web-5.7.4.jar:/Users/yuzhezhu/.m2/repository/io/jsonwebtoken/jjwt-api/0.11.5/jjwt-api-0.11.5.jar:/Users/yuzhezhu/.m2/repository/io/jsonwebtoken/jjwt-impl/0.11.5/jjwt-impl-0.11.5.jar:/Users/yuzhezhu/.m2/repository/io/jsonwebtoken/jjwt-jackson/0.11.5/jjwt-jackson-0.11.5.jar:/Users/yuzhezhu/.m2/repository/com/fasterxml/jackson/core/jackson-databind/2.13.4.2/jackson-databind-2.13.4.2.jar:/Users/yuzhezhu/.m2/repository/com/fasterxml/jackson/core/jackson-annotations/2.13.4/jackson-annotations-2.13.4.jar:/Users/yuzhezhu/.m2/repository/com/fasterxml/jackson/core/jackson-core/2.13.4/jackson-core-2.13.4.jar:/Users/yuzhezhu/.m2/repository/org/projectlombok/lombok/1.18.24/lombok-1.18.24.jar:/Users/yuzhezhu/.m2/repository/org/springframework/boot/spring-boot-starter-test/2.7.5/spring-boot-starter-test-2.7.5.jar:/Users/yuzhezhu/.m2/repository/org/springframework/boot/spring-boot-test/2.7.5/spring-boot-test-2.7.5.jar:/Users/yuzhezhu/.m2/repository/org/springframework/boot/spring-boot-test-autoconfigure/2.7.5/spring-boot-test-autoconfigure-2.7.5.jar:/Users/yuzhezhu/.m2/repository/com/jayway/jsonpath/json-path/2.7.0/json-path-2.7.0.jar:/Users/yuzhezhu/.m2/repository/net/minidev/json-smart/2.4.8/json-smart-2.4.8.jar:/Users/yuzhezhu/.m2/repository/net/minidev/accessors-smart/2.4.8/accessors-smart-2.4.8.jar:/Users/yuzhezhu/.m2/repository/org/ow2/asm/asm/9.1/asm-9.1.jar:/Users/yuzhezhu/.m2/repository/jakarta/xml/bind/jakarta.xml.bind-api/2.3.3/jakarta.xml.bind-api-2.3.3.jar:/Users/yuzhezhu/.m2/repository/jakarta/activation/jakarta.activation-api/1.2.2/jakarta.activation-api-1.2.2.jar:/Users/yuzhezhu/.m2/repository/org/assertj/assertj-core/3.22.0/assertj-core-3.22.0.jar:/Users/yuzhezhu/.m2/repository/org/hamcrest/hamcrest/2.2/hamcrest-2.2.jar:/Users/yuzhezhu/.m2/repository/org/junit/jupiter/junit-jupiter/5.9.1/junit-jupiter-5.9.1.jar:/Users/yuzhezhu/.m2/repository/org/junit/jupiter/junit-jupiter-params/5.9.1/junit-jupiter-params-5.9.1.jar:/Users/yuzhezhu/.m2/repository/org/mockito/mockito-core/4.5.1/mockito-core-4.5.1.jar:/Users/yuzhezhu/.m2/repository/net/bytebuddy/byte-buddy/1.12.18/byte-buddy-1.12.18.jar:/Users/yuzhezhu/.m2/repository/net/bytebuddy/byte-buddy-agent/1.12.18/byte-buddy-agent-1.12.18.jar:/Users/yuzhezhu/.m2/repository/org/objenesis/objenesis/3.2/objenesis-3.2.jar:/Users/yuzhezhu/.m2/repository/org/mockito/mockito-junit-jupiter/4.5.1/mockito-junit-jupiter-4.5.1.jar:/Users/yuzhezhu/.m2/repository/org/skyscreamer/jsonassert/1.5.1/jsonassert-1.5.1.jar:/Users/yuzhezhu/.m2/repository/com/vaadin/external/google/android-json/0.0.20131108.vaadin1/android-json-0.0.20131108.vaadin1.jar:/Users/yuzhezhu/.m2/repository/org/springframework/spring-core/5.3.23/spring-core-5.3.23.jar:/Users/yuzhezhu/.m2/repository/org/springframework/spring-jcl/5.3.23/spring-jcl-5.3.23.jar:/Users/yuzhezhu/.m2/repository/org/springframework/spring-test/5.3.23/spring-test-5.3.23.jar:/Users/yuzhezhu/.m2/repository/org/xmlunit/xmlunit-core/2.9.0/xmlunit-core-2.9.0.jar:/Users/yuzhezhu/.m2/repository/org/springframework/security/spring-security-test/5.7.4/spring-security-test-5.7.4.jar:/Users/yuzhezhu/.m2/repository/org/springframework/security/spring-security-core/5.7.4/spring-security-core-5.7.4.jar:/Users/yuzhezhu/.m2/repository/org/springframework/security/spring-security-crypto/5.7.4/spring-security-crypto-5.7.4.jar:/Users/yuzhezhu/.m2/repository/org/junit/jupiter/junit-jupiter-engine/5.9.1/junit-jupiter-engine-5.9.1.jar:/Users/yuzhezhu/.m2/repository/org/junit/platform/junit-platform-engine/1.9.1/junit-platform-engine-1.9.1.jar:/Users/yuzhezhu/.m2/repository/org/apiguardian/apiguardian-api/1.1.2/apiguardian-api-1.1.2.jar:/Users/yuzhezhu/.m2/repository/org/junit/jupiter/junit-jupiter-api/5.9.1/junit-jupiter-api-5.9.1.jar:/Users/yuzhezhu/.m2/repository/org/opentest4j/opentest4j/1.2.0/opentest4j-1.2.0.jar:/Users/yuzhezhu/.m2/repository/org/junit/platform/junit-platform-commons/1.9.1/junit-platform-commons-1.9.1.jar:/Users/yuzhezhu/.m2/repository/junit/junit/4.13.2/junit-4.13.2.jar:/Users/yuzhezhu/.m2/repository/org/hamcrest/hamcrest-core/2.2/hamcrest-core-2.2.jar:/Users/yuzhezhu/.m2/repository/org/junit/platform/junit-platform-suite/1.9.1/junit-platform-suite-1.9.1.jar:/Users/yuzhezhu/.m2/repository/org/junit/platform/junit-platform-suite-api/1.9.1/junit-platform-suite-api-1.9.1.jar:/Users/yuzhezhu/.m2/repository/org/junit/platform/junit-platform-suite-engine/1.9.1/junit-platform-suite-engine-1.9.1.jar:/Users/yuzhezhu/.m2/repository/org/junit/platform/junit-platform-runner/1.9.1/junit-platform-runner-1.9.1.jar:/Users/yuzhezhu/.m2/repository/org/junit/platform/junit-platform-launcher/1.9.1/junit-platform-launcher-1.9.1.jar:/Users/yuzhezhu/.m2/repository/org/junit/platform/junit-platform-suite-commons/1.9.1/junit-platform-suite-commons-1.9.1.jar:"/>
    <property name="java.vm.vendor" value="Eclipse Adoptium"/>
    <property name="sun.arch.data.model" value="64"/>
    <property name="java.vendor.url" value="https://adoptium.net/"/>
    <property name="os.name" value="Mac OS X"/>
    <property name="java.vm.specification.version" value="22"/>
    <property name="sun.java.launcher" value="SUN_STANDARD"/>
    <property name="user.country" value="FR"/>
    <property name="sun.boot.library.path" value="/Users/yuzhezhu/.sdkman/candidates/java/22-tem/lib"/>
    <property name="sun.java.command" value="/Users/yuzhezhu/CourIMT/gatcha_api/target/surefire/surefirebooter6948519431176977132.jar /Users/yuzhezhu/CourIMT/gatcha_api/target/surefire 2025-03-10T21-01-29_352-jvmRun1 surefire14626910747130084692tmp surefire_0918694079984416418tmp"/>
    <property name="http.nonProxyHosts" value="local|*.local|169.254/16|*.169.254/16"/>
    <property name="jdk.debug" value="release"/>
    <property name="surefire.test.class.path" value="/Users/yuzhezhu/CourIMT/gatcha_api/target/test-classes:/Users/yuzhezhu/CourIMT/gatcha_api/target/classes:/Users/yuzhezhu/.m2/repository/org/springframework/boot/spring-boot-starter-web/2.7.5/spring-boot-starter-web-2.7.5.jar:/Users/yuzhezhu/.m2/repository/org/springframework/boot/spring-boot-starter/2.7.5/spring-boot-starter-2.7.5.jar:/Users/yuzhezhu/.m2/repository/org/springframework/boot/spring-boot/2.7.5/spring-boot-2.7.5.jar:/Users/yuzhezhu/.m2/repository/org/springframework/boot/spring-boot-autoconfigure/2.7.5/spring-boot-autoconfigure-2.7.5.jar:/Users/yuzhezhu/.m2/repository/org/springframework/boot/spring-boot-starter-logging/2.7.5/spring-boot-starter-logging-2.7.5.jar:/Users/yuzhezhu/.m2/repository/ch/qos/logback/logback-classic/1.2.11/logback-classic-1.2.11.jar:/Users/yuzhezhu/.m2/repository/ch/qos/logback/logback-core/1.2.11/logback-core-1.2.11.jar:/Users/yuzhezhu/.m2/repository/org/apache/logging/log4j/log4j-to-slf4j/2.17.2/log4j-to-slf4j-2.17.2.jar:/Users/yuzhezhu/.m2/repository/org/apache/logging/log4j/log4j-api/2.17.2/log4j-api-2.17.2.jar:/Users/yuzhezhu/.m2/repository/org/slf4j/jul-to-slf4j/1.7.36/jul-to-slf4j-1.7.36.jar:/Users/yuzhezhu/.m2/repository/jakarta/annotation/jakarta.annotation-api/1.3.5/jakarta.annotation-api-1.3.5.jar:/Users/yuzhezhu/.m2/repository/org/yaml/snakeyaml/1.30/snakeyaml-1.30.jar:/Users/yuzhezhu/.m2/repository/org/springframework/boot/spring-boot-starter-json/2.7.5/spring-boot-starter-json-2.7.5.jar:/Users/yuzhezhu/.m2/repository/com/fasterxml/jackson/datatype/jackson-datatype-jdk8/2.13.4/jackson-datatype-jdk8-2.13.4.jar:/Users/yuzhezhu/.m2/repository/com/fasterxml/jackson/datatype/jackson-datatype-jsr310/2.13.4/jackson-datatype-jsr310-2.13.4.jar:/Users/yuzhezhu/.m2/repository/com/fasterxml/jackson/module/jackson-module-parameter-names/2.13.4/jackson-module-parameter-names-2.13.4.jar:/Users/yuzhezhu/.m2/repository/org/springframework/boot/spring-boot-starter-tomcat/2.7.5/spring-boot-starter-tomcat-2.7.5.jar:/Users/yuzhezhu/.m2/repository/org/apache/tomcat/embed/tomcat-embed-core/9.0.68/tomcat-embed-core-9.0.68.jar:/Users/yuzhezhu/.m2/repository/org/apache/tomcat/embed/tomcat-embed-el/9.0.68/tomcat-embed-el-9.0.68.jar:/Users/yuzhezhu/.m2/repository/org/apache/tomcat/embed/tomcat-embed-websocket/9.0.68/tomcat-embed-websocket-9.0.68.jar:/Users/yuzhezhu/.m2/repository/org/springframework/spring-web/5.3.23/spring-web-5.3.23.jar:/Users/yuzhezhu/.m2/repository/org/springframework/spring-beans/5.3.23/spring-beans-5.3.23.jar:/Users/yuzhezhu/.m2/repository/org/springframework/spring-webmvc/5.3.23/spring-webmvc-5.3.23.jar:/Users/yuzhezhu/.m2/repository/org/springframework/spring-context/5.3.23/spring-context-5.3.23.jar:/Users/yuzhezhu/.m2/repository/org/springframework/spring-expression/5.3.23/spring-expression-5.3.23.jar:/Users/yuzhezhu/.m2/repository/org/springframework/boot/spring-boot-starter-data-mongodb/2.7.5/spring-boot-starter-data-mongodb-2.7.5.jar:/Users/yuzhezhu/.m2/repository/org/mongodb/mongodb-driver-sync/4.6.1/mongodb-driver-sync-4.6.1.jar:/Users/yuzhezhu/.m2/repository/org/mongodb/bson/4.6.1/bson-4.6.1.jar:/Users/yuzhezhu/.m2/repository/org/mongodb/mongodb-driver-core/4.6.1/mongodb-driver-core-4.6.1.jar:/Users/yuzhezhu/.m2/repository/org/mongodb/bson-record-codec/4.6.1/bson-record-codec-4.6.1.jar:/Users/yuzhezhu/.m2/repository/org/springframework/data/spring-data-mongodb/3.4.5/spring-data-mongodb-3.4.5.jar:/Users/yuzhezhu/.m2/repository/org/springframework/spring-tx/5.3.23/spring-tx-5.3.23.jar:/Users/yuzhezhu/.m2/repository/org/springframework/data/spring-data-commons/2.7.5/spring-data-commons-2.7.5.jar:/Users/yuzhezhu/.m2/repository/org/slf4j/slf4j-api/1.7.36/slf4j-api-1.7.36.jar:/Users/yuzhezhu/.m2/repository/org/springframework/boot/spring-boot-starter-security/2.7.5/spring-boot-starter-security-2.7.5.jar:/Users/yuzhezhu/.m2/repository/org/springframework/spring-aop/5.3.23/spring-aop-5.3.23.jar:/Users/yuzhezhu/.m2/repository/org/springframework/security/spring-security-config/5.7.4/spring-security-config-5.7.4.jar:/Users/yuzhezhu/.m2/repository/org/springframework/security/spring-security-web/5.7.4/spring-security-web-5.7.4.jar:/Users/yuzhezhu/.m2/repository/io/jsonwebtoken/jjwt-api/0.11.5/jjwt-api-0.11.5.jar:/Users/yuzhezhu/.m2/repository/io/jsonwebtoken/jjwt-impl/0.11.5/jjwt-impl-0.11.5.jar:/Users/yuzhezhu/.m2/repository/io/jsonwebtoken/jjwt-jackson/0.11.5/jjwt-jackson-0.11.5.jar:/Users/yuzhezhu/.m2/repository/com/fasterxml/jackson/core/jackson-databind/2.13.4.2/jackson-databind-2.13.4.2.jar:/Users/yuzhezhu/.m2/repository/com/fasterxml/jackson/core/jackson-annotations/2.13.4/jackson-annotations-2.13.4.jar:/Users/yuzhezhu/.m2/repository/com/fasterxml/jackson/core/jackson-core/2.13.4/jackson-core-2.13.4.jar:/Users/yuzhezhu/.m2/repository/org/projectlombok/lombok/1.18.24/lombok-1.18.24.jar:/Users/yuzhezhu/.m2/repository/org/springframework/boot/spring-boot-starter-test/2.7.5/spring-boot-starter-test-2.7.5.jar:/Users/yuzhezhu/.m2/repository/org/springframework/boot/spring-boot-test/2.7.5/spring-boot-test-2.7.5.jar:/Users/yuzhezhu/.m2/repository/org/springframework/boot/spring-boot-test-autoconfigure/2.7.5/spring-boot-test-autoconfigure-2.7.5.jar:/Users/yuzhezhu/.m2/repository/com/jayway/jsonpath/json-path/2.7.0/json-path-2.7.0.jar:/Users/yuzhezhu/.m2/repository/net/minidev/json-smart/2.4.8/json-smart-2.4.8.jar:/Users/yuzhezhu/.m2/repository/net/minidev/accessors-smart/2.4.8/accessors-smart-2.4.8.jar:/Users/yuzhezhu/.m2/repository/org/ow2/asm/asm/9.1/asm-9.1.jar:/Users/yuzhezhu/.m2/repository/jakarta/xml/bind/jakarta.xml.bind-api/2.3.3/jakarta.xml.bind-api-2.3.3.jar:/Users/yuzhezhu/.m2/repository/jakarta/activation/jakarta.activation-api/1.2.2/jakarta.activation-api-1.2.2.jar:/Users/yuzhezhu/.m2/repository/org/assertj/assertj-core/3.22.0/assertj-core-3.22.0.jar:/Users/yuzhezhu/.m2/repository/org/hamcrest/hamcrest/2.2/hamcrest-2.2.jar:/Users/yuzhezhu/.m2/repository/org/junit/jupiter/junit-jupiter/5.9.1/junit-jupiter-5.9.1.jar:/Users/yuzhezhu/.m2/repository/org/junit/jupiter/junit-jupiter-params/5.9.1/junit-jupiter-params-5.9.1.jar:/Users/yuzhezhu/.m2/repository/org/mockito/mockito-core/4.5.1/mockito-core-4.5.1.jar:/Users/yuzhezhu/.m2/repository/net/bytebuddy/byte-buddy/1.12.18/byte-buddy-1.12.18.jar:/Users/yuzhezhu/.m2/repository/net/bytebuddy/byte-buddy-agent/1.12.18/byte-buddy-agent-1.12.18.jar:/Users/yuzhezhu/.m2/repository/org/objenesis/objenesis/3.2/objenesis-3.2.jar:/Users/yuzhezhu/.m2/repository/org/mockito/mockito-junit-jupiter/4.5.1/mockito-junit-jupiter-4.5.1.jar:/Users/yuzhezhu/.m2/repository/org/skyscreamer/jsonassert/1.5.1/jsonassert-1.5.1.jar:/Users/yuzhezhu/.m2/repository/com/vaadin/external/google/android-json/0.0.20131108.vaadin1/android-json-0.0.20131108.vaadin1.jar:/Users/yuzhezhu/.m2/repository/org/springframework/spring-core/5.3.23/spring-core-5.3.23.jar:/Users/yuzhezhu/.m2/repository/org/springframework/spring-jcl/5.3.23/spring-jcl-5.3.23.jar:/Users/yuzhezhu/.m2/repository/org/springframework/spring-test/5.3.23/spring-test-5.3.23.jar:/Users/yuzhezhu/.m2/repository/org/xmlunit/xmlunit-core/2.9.0/xmlunit-core-2.9.0.jar:/Users/yuzhezhu/.m2/repository/org/springframework/security/spring-security-test/5.7.4/spring-security-test-5.7.4.jar:/Users/yuzhezhu/.m2/repository/org/springframework/security/spring-security-core/5.7.4/spring-security-core-5.7.4.jar:/Users/yuzhezhu/.m2/repository/org/springframework/security/spring-security-crypto/5.7.4/spring-security-crypto-5.7.4.jar:/Users/yuzhezhu/.m2/repository/org/junit/jupiter/junit-jupiter-engine/5.9.1/junit-jupiter-engine-5.9.1.jar:/Users/yuzhezhu/.m2/repository/org/junit/platform/junit-platform-engine/1.9.1/junit-platform-engine-1.9.1.jar:/Users/yuzhezhu/.m2/repository/org/apiguardian/apiguardian-api/1.1.2/apiguardian-api-1.1.2.jar:/Users/yuzhezhu/.m2/repository/org/junit/jupiter/junit-jupiter-api/5.9.1/junit-jupiter-api-5.9.1.jar:/Users/yuzhezhu/.m2/repository/org/opentest4j/opentest4j/1.2.0/opentest4j-1.2.0.jar:/Users/yuzhezhu/.m2/repository/org/junit/platform/junit-platform-commons/1.9.1/junit-platform-commons-1.9.1.jar:/Users/yuzhezhu/.m2/repository/junit/junit/4.13.2/junit-4.13.2.jar:/Users/yuzhezhu/.m2/repository/org/hamcrest/hamcrest-core/2.2/hamcrest-core-2.2.jar:/Users/yuzhezhu/.m2/repository/org/junit/platform/junit-platform-suite/1.9.1/junit-platform-suite-1.9.1.jar:/Users/yuzhezhu/.m2/repository/org/junit/platform/junit-platform-suite-api/1.9.1/junit-platform-suite-api-1.9.1.jar:/Users/yuzhezhu/.m2/repository/org/junit/platform/junit-platform-suite-engine/1.9.1/junit-platform-suite-engine-1.9.1.jar:/Users/yuzhezhu/.m2/repository/org/junit/platform/junit-platform-runner/1.9.1/junit-platform-runner-1.9.1.jar:/Users/yuzhezhu/.m2/repository/org/junit/platform/junit-platform-launcher/1.9.1/junit-platform-launcher-1.9.1.jar:/Users/yuzhezhu/.m2/repository/org/junit/platform/junit-platform-suite-commons/1.9.1/junit-platform-suite-commons-1.9.1.jar:"/>
    <property name="sun.cpu.endian" value="little"/>
    <property name="user.home" value="/Users/yuzhezhu"/>
    <property name="user.language" value="zh"/>
    <property name="java.specification.vendor" value="Oracle Corporation"/>
    <property name="java.version.date" value="2024-03-19"/>
    <property name="java.home" value="/Users/yuzhezhu/.sdkman/candidates/java/22-tem"/>
    <property name="file.separator" value="/"/>
    <property name="basedir" value="/Users/yuzhezhu/CourIMT/gatcha_api"/>
    <property name="java.vm.compressedOopsMode" value="Zero based"/>
    <property name="line.separator" value="&#10;"/>
    <property name="java.vm.specification.vendor" value="Oracle Corporation"/>
    <property name="java.specification.name" value="Java Platform API Specification"/>
    <property name="apple.awt.application.name" value="ForkedBooter"/>
    <property name="surefire.real.class.path" value="/Users/yuzhezhu/CourIMT/gatcha_api/target/surefire/surefirebooter6948519431176977132.jar"/>
    <property name="user.script" value="Hans"/>
    <property name="sun.management.compiler" value="HotSpot 64-Bit Tiered Compilers"/>
    <property name="ftp.nonProxyHosts" value="local|*.local|169.254/16|*.169.254/16"/>
    <property name="java.runtime.version" value="22+36"/>
    <property name="user.name" value="yuzhezhu"/>
    <property name="stdout.encoding" value="UTF-8"/>
    <property name="path.separator" value=":"/>
    <property name="os.version" value="15.3.1"/>
    <property name="java.runtime.name" value="OpenJDK Runtime Environment"/>
    <property name="file.encoding" value="UTF-8"/>
    <property name="java.vm.name" value="OpenJDK 64-Bit Server VM"/>
    <property name="java.vendor.version" value="Temurin-22+36"/>
    <property name="localRepository" value="/Users/yuzhezhu/.m2/repository"/>
    <property name="java.vendor.url.bug" value="https://github.com/adoptium/adoptium-support/issues"/>
    <property name="java.io.tmpdir" value="/var/folders/sc/tfgtvl_n5dd0mmwyqn6fw_zm0000gn/T/"/>
    <property name="java.version" value="22"/>
    <property name="user.dir" value="/Users/yuzhezhu/CourIMT/gatcha_api"/>
    <property name="os.arch" value="aarch64"/>
    <property name="java.vm.specification.name" value="Java Virtual Machine Specification"/>
    <property name="native.encoding" value="UTF-8"/>
    <property name="java.library.path" value="/Users/yuzhezhu/Library/Java/Extensions:/Library/Java/Extensions:/Network/Library/Java/Extensions:/System/Library/Java/Extensions:/usr/lib/java:."/>
    <property name="java.vm.info" value="mixed mode"/>
    <property name="stderr.encoding" value="UTF-8"/>
    <property name="java.vendor" value="Eclipse Adoptium"/>
    <property name="java.vm.version" value="22+36"/>
    <property name="sun.io.unicode.encoding" value="UnicodeBig"/>
    <property name="socksNonProxyHosts" value="local|*.local|169.254/16|*.169.254/16"/>
    <property name="java.class.version" value="66.0"/>
  </properties>
  <testcase name="getBattleByIdNotFound" classname="com.gatcha.api.battle.service.BattleServiceTest" time="0"/>
  <testcase name="getBattlesByMonsterId" classname="com.gatcha.api.battle.service.BattleServiceTest" time="0"/>
  <testcase name="battle" classname="com.gatcha.api.battle.service.BattleServiceTest" time="0"/>
  <testcase name="battleWithExperienceGained" classname="com.gatcha.api.battle.service.BattleServiceTest" time="0"/>
  <testcase name="getBattleById" classname="com.gatcha.api.battle.service.BattleServiceTest" time="0"/>
  <testcase name="getExperienceGainedNonExistent" classname="com.gatcha.api.battle.service.BattleServiceTest" time="0"/>
</testsuite>